<?xml version="1.0" encoding="UTF-8"?>
<!-- Generated by org.testng.reporters.JUnitXMLReporter -->
<testsuite hostname="sachus-MacBook-Air.local" ignored="0" name="TestQA" tests="16" failures="0" timestamp="07 May 2019 02:15:04 GMT" time="7390.475" errors="0">
  <testcase name="@BeforeMethod setup" time="6760.21" classname="com.CRM.qa.tests.CRMContactTest">
    <failure type="org.openqa.selenium.NoSuchElementException" message="no such element: Unable to locate element: {&amp;quot;method&amp;quot;:&amp;quot;name&amp;quot;,&amp;quot;selector&amp;quot;:&amp;quot;username&amp;quot;}
  (Session info: chrome=74.0.3729.131)
  (Driver info: chromedriver=2.46.628411 (3324f4c8be9ff2f70a05a30ebc72ffb013e1a71e),platform=Mac OS X 10.12.6 x86_64) (WARNING: The server did not provide any stacktrace information)
Command duration or timeout: 0 milliseconds
For documentation on this error, please visit: https://www.seleniumhq.org/exceptions/no_such_element.html
Build info: version: &amp;apos;3.141.59&amp;apos;, revision: &amp;apos;e82be7d358&amp;apos;, time: &amp;apos;2018-11-14T08:17:03&amp;apos;
System info: host: &amp;apos;sachus-MacBook-Air.local&amp;apos;, ip: &amp;apos;fe80:0:0:0:1003:e55c:b504:6875%en0&amp;apos;, os.name: &amp;apos;Mac OS X&amp;apos;, os.arch: &amp;apos;x86_64&amp;apos;, os.version: &amp;apos;10.12.6&amp;apos;, java.version: &amp;apos;1.8.0_191&amp;apos;
Driver info: org.openqa.selenium.chrome.ChromeDriver
Capabilities {acceptInsecureCerts: false, acceptSslCerts: false, applicationCacheEnabled: false, browserConnectionEnabled: false, browserName: chrome, chrome: {chromedriverVersion: 2.46.628411 (3324f4c8be9ff2..., userDataDir: /var/folders/pw/z9n64b3d7gq...}, cssSelectorsEnabled: true, databaseEnabled: false, goog:chromeOptions: {debuggerAddress: localhost:50394}, handlesAlerts: true, hasTouchScreen: false, javascriptEnabled: true, locationContextEnabled: true, mobileEmulationEnabled: false, nativeEvents: true, networkConnectionEnabled: false, pageLoadStrategy: normal, platform: MAC, platformName: MAC, proxy: Proxy(), rotatable: false, setWindowRect: true, strictFileInteractability: false, takesHeapSnapshot: true, takesScreenshot: true, timeouts: {implicit: 0, pageLoad: 300000, script: 30000}, unexpectedAlertBehaviour: ignore, unhandledPromptBehavior: ignore, version: 74.0.3729.131, webStorageEnabled: true}
Session ID: 2ff1c2867f92025862764b5cd5687383
*** Element info: {Using=name, value=username}">
      <![CDATA[org.openqa.selenium.NoSuchElementException: no such element: Unable to locate element: {"method":"name","selector":"username"}
  (Session info: chrome=74.0.3729.131)
  (Driver info: chromedriver=2.46.628411 (3324f4c8be9ff2f70a05a30ebc72ffb013e1a71e),platform=Mac OS X 10.12.6 x86_64) (WARNING: The server did not provide any stacktrace information)
Command duration or timeout: 0 milliseconds
For documentation on this error, please visit: https://www.seleniumhq.org/exceptions/no_such_element.html
Build info: version: '3.141.59', revision: 'e82be7d358', time: '2018-11-14T08:17:03'
System info: host: 'sachus-MacBook-Air.local', ip: 'fe80:0:0:0:1003:e55c:b504:6875%en0', os.name: 'Mac OS X', os.arch: 'x86_64', os.version: '10.12.6', java.version: '1.8.0_191'
Driver info: org.openqa.selenium.chrome.ChromeDriver
Capabilities {acceptInsecureCerts: false, acceptSslCerts: false, applicationCacheEnabled: false, browserConnectionEnabled: false, browserName: chrome, chrome: {chromedriverVersion: 2.46.628411 (3324f4c8be9ff2..., userDataDir: /var/folders/pw/z9n64b3d7gq...}, cssSelectorsEnabled: true, databaseEnabled: false, goog:chromeOptions: {debuggerAddress: localhost:50394}, handlesAlerts: true, hasTouchScreen: false, javascriptEnabled: true, locationContextEnabled: true, mobileEmulationEnabled: false, nativeEvents: true, networkConnectionEnabled: false, pageLoadStrategy: normal, platform: MAC, platformName: MAC, proxy: Proxy(), rotatable: false, setWindowRect: true, strictFileInteractability: false, takesHeapSnapshot: true, takesScreenshot: true, timeouts: {implicit: 0, pageLoad: 300000, script: 30000}, unexpectedAlertBehaviour: ignore, unhandledPromptBehavior: ignore, version: 74.0.3729.131, webStorageEnabled: true}
Session ID: 2ff1c2867f92025862764b5cd5687383
*** Element info: {Using=name, value=username}
at org.openqa.selenium.remote.ErrorHandler.createThrowable(ErrorHandler.java:214)
at org.openqa.selenium.remote.ErrorHandler.throwIfResponseFailed(ErrorHandler.java:166)
at org.openqa.selenium.remote.http.JsonHttpResponseCodec.reconstructValue(JsonHttpResponseCodec.java:40)
at org.openqa.selenium.remote.http.AbstractHttpResponseCodec.decode(AbstractHttpResponseCodec.java:80)
at org.openqa.selenium.remote.http.AbstractHttpResponseCodec.decode(AbstractHttpResponseCodec.java:44)
at org.openqa.selenium.remote.HttpCommandExecutor.execute(HttpCommandExecutor.java:158)
at org.openqa.selenium.remote.service.DriverCommandExecutor.execute(DriverCommandExecutor.java:83)
at org.openqa.selenium.remote.RemoteWebDriver.execute(RemoteWebDriver.java:552)
at org.openqa.selenium.remote.RemoteWebDriver.findElement(RemoteWebDriver.java:323)
at org.openqa.selenium.remote.RemoteWebDriver.findElementByName(RemoteWebDriver.java:404)
at org.openqa.selenium.By$ByName.findElement(By.java:284)
at org.openqa.selenium.remote.RemoteWebDriver.findElement(RemoteWebDriver.java:315)
at org.openqa.selenium.support.events.EventFiringWebDriver.lambda$new$1(EventFiringWebDriver.java:105)
at com.sun.proxy.$Proxy8.findElement(Unknown Source)
at org.openqa.selenium.support.events.EventFiringWebDriver.findElement(EventFiringWebDriver.java:194)
at org.openqa.selenium.support.pagefactory.DefaultElementLocator.findElement(DefaultElementLocator.java:69)
at org.openqa.selenium.support.pagefactory.internal.LocatingElementHandler.invoke(LocatingElementHandler.java:38)
at com.sun.proxy.$Proxy12.sendKeys(Unknown Source)
at com.CRM.qa.pages.CRMLogin.userlogin(CRMLogin.java:47)
at com.CRM.qa.tests.CRMContactTest.setup(CRMContactTest.java:42)
... Removed 35 stack frames]]>
    </failure>
  </testcase> <!-- @BeforeMethod setup -->
  <testcase name="@AfterMethod teardown" time="0.0" classname="com.CRM.qa.tests.CRMContactTest">
    <skipped/>
  </testcase> <!-- @AfterMethod teardown -->
  <testcase name="@BeforeMethod setup" time="0.0" classname="com.CRM.qa.tests.CRMContactTest">
    <skipped/>
  </testcase> <!-- @BeforeMethod setup -->
  <testcase name="@AfterMethod teardown" time="0.0" classname="com.CRM.qa.tests.CRMContactTest">
    <skipped/>
  </testcase> <!-- @AfterMethod teardown -->
  <testcase name="@BeforeMethod setup" time="0.0" classname="com.CRM.qa.tests.CRMContactTest">
    <skipped/>
  </testcase> <!-- @BeforeMethod setup -->
  <testcase name="@AfterMethod teardown" time="0.0" classname="com.CRM.qa.tests.CRMContactTest">
    <skipped/>
  </testcase> <!-- @AfterMethod teardown -->
  <testcase name="userloginTest" time="29.372" classname="com.CRM.qa.tests.CRMLoginTest"/>
  <testcase name="verifloginpagetitleTest" time="0.015" classname="com.CRM.qa.tests.CRMLoginTest"/>
  <testcase name="verifyCRMlogoTest" time="0.048" classname="com.CRM.qa.tests.CRMLoginTest"/>
  <testcase name="verifycontacttabTest" time="0.036" classname="com.CRM.qa.tests.CRMLandingpageTest"/>
  <testcase name="verifydealstabTest" time="0.034" classname="com.CRM.qa.tests.CRMLandingpageTest"/>
  <testcase name="verifylandingpagetitleTest" time="0.007" classname="com.CRM.qa.tests.CRMLandingpageTest"/>
  <testcase name="verifytasktabTest" time="0.035" classname="com.CRM.qa.tests.CRMLandingpageTest"/>
  <testcase name="verifyusernameTest" time="0.101" classname="com.CRM.qa.tests.CRMLandingpageTest"/>
  <testcase name="clickonconatcttabTest" time="2.393" classname="com.CRM.qa.tests.CRMLandingpageTest"/>
  <testcase name="clickondealstabTest" time="4.144" classname="com.CRM.qa.tests.CRMLandingpageTest"/>
  <testcase name="clickontasktabTest" time="2.916" classname="com.CRM.qa.tests.CRMLandingpageTest"/>
  <testcase name="verifycontacttablabelTest" time="0.0" classname="com.CRM.qa.tests.CRMContactTest">
    <skipped/>
  </testcase> <!-- verifycontacttablabelTest -->
  <testcase name="verifycreatenewcontact" time="0.0" classname="com.CRM.qa.tests.CRMContactTest">
    <skipped/>
  </testcase> <!-- verifycreatenewcontact -->
  <testcase name="verifycreatenewcontact" time="0.0" classname="com.CRM.qa.tests.CRMContactTest">
    <skipped/>
  </testcase> <!-- verifycreatenewcontact -->
  <testcase name="clickoncheckboxTest" time="0.0" classname="com.CRM.qa.tests.CRMContactTest">
    <skipped/>
  </testcase> <!-- clickoncheckboxTest -->
  <testcase name="verify_checknewcontact" time="0.0" classname="com.CRM.qa.tests.CRMContactTest">
    <skipped/>
  </testcase> <!-- verify_checknewcontact -->
</testsuite> <!-- TestQA -->
